<?xml version="1.0" encoding="UTF-8"?>
<!-- Generated by org.testng.reporters.JUnitReportReporter -->
<testsuite hostname="Greed" name="wordpress.Tests.VerifyWordpressLogin" tests="1" failures="0" timestamp="26 Jan 2017 12:06:12 GMT" time="50.823" errors="0">
  <testcase name="VerifyValidLogin" time="50.823" classname="wordpress.Tests.VerifyWordpressLogin"/>
</testsuite> <!-- wordpress.Tests.VerifyWordpressLogin -->
