<?xml version="1.0" encoding="UTF-8"?>
<!-- Generated by org.testng.reporters.JUnitReportReporter -->
<testsuite hostname="Greed" name="wordpress.Tests.VerifyValidLoginPF" tests="1" failures="0" timestamp="26 Jan 2017 07:01:12 GMT" time="19.910" errors="0">
  <testcase name="checkValidUser" time="19.910" classname="wordpress.Tests.VerifyValidLoginPF"/>
</testsuite> <!-- wordpress.Tests.VerifyValidLoginPF -->
